"QUERY PLAN Melhorada"
"Gather Merge  (cost=111263.20..257106.72 rows=1250000 width=36)"
"  Workers Planned: 2"
"  ->  Sort  (cost=110263.18..111825.68 rows=625000 width=36)"
"        Sort Key: a.nome, l.titulo, al.datalancamento"
"        ->  Hash Join  (cost=13.00..33005.50 rows=625000 width=36)"
"              Hash Cond: (al.livroid = l.livroid)"
"              ->  Hash Join  (cost=3.25..24402.00 rows=625000 width=22)"
"                    Hash Cond: (al.autorid = a.autorid)"
"                    ->  Parallel Seq Scan on autoreslivros al  (cost=0.00..15805.00 rows=625000 width=18)"
"                    ->  Hash  (cost=2.00..2.00 rows=100 width=12)"
"                          ->  Seq Scan on autores a  (cost=0.00..2.00 rows=100 width=12)"
"              ->  Hash  (cost=6.00..6.00 rows=300 width=22)"
"                    ->  Seq Scan on livros l  (cost=0.00..6.00 rows=300 width=22)"
"JIT:"
"  Functions: 19"
"  Options: Inlining false, Optimization false, Expressions true, Deforming true"
